<?xml version="1.0" encoding="UTF-8"?>
<!-- Generated by org.testng.reporters.JUnitReportReporter -->
<testsuite hostname="LAPTOP-P8O1O5VN" failures="0" tests="1" name="module1.program1" time="0.006" errors="0" timestamp="8 Nov 2022 04:46:08 GMT">
  <testcase classname="module1.program1" name="f" time="0.006"/>
</testsuite> <!-- module1.program1 -->
