<?xml version="1.0" encoding="UTF-8"?>
<!-- Generated by org.testng.reporters.JUnitReportReporter -->
<testsuite hostname="LAPTOP-P8O1O5VN" failures="0" tests="7" name="Multipleclasses.class3" time="0.015" errors="0" timestamp="8 Nov 2022 05:53:08 GMT">
  <testcase classname="Multipleclasses.class3" name="feedback" time="0.001"/>
  <testcase classname="Multipleclasses.class3" name="customerdetails" time="0.003"/>
  <testcase classname="Multipleclasses.class3" name="payment_details" time="0.001"/>
  <testcase classname="Multipleclasses.class3" name="delivery_process" time="0.001"/>
  <testcase classname="Multipleclasses.class3" name="login" time="0.007"/>
  <testcase classname="Multipleclasses.class3" name="productdetails" time="0.002"/>
  <testcase classname="Multipleclasses.class3" name="close" time="0.000"/>
</testsuite> <!-- Multipleclasses.class3 -->
