<?xml version="1.0" encoding="UTF-8"?>
<!-- Generated by org.testng.reporters.JUnitReportReporter -->
<testsuite hostname="LAPTOP-P8O1O5VN" failures="0" tests="3" name="module1.program2" time="47.284" errors="0" timestamp="8 Nov 2022 05:28:25 GMT">
  <testcase classname="module1.program2" name="Title" time="20.134"/>
  <testcase classname="module1.program2" name="CurrentUrl" time="22.500"/>
  <testcase classname="module1.program2" name="ScreenShot" time="4.650"/>
</testsuite> <!-- module1.program2 -->
